2017-01-18 06:24:06,054 INFO RPC interface 'supervisor' initialized
2017-01-18 06:24:06,065 INFO daemonizing the supervisord process
2017-01-18 06:24:06,071 INFO supervisord started with pid 3053
2017-01-18 07:44:48,629 WARN received SIGTERM indicating exit request
2017-01-18 07:44:56,036 INFO RPC interface 'supervisor' initialized
2017-01-18 07:44:56,050 INFO daemonizing the supervisord process
2017-01-18 07:44:56,058 INFO supervisord started with pid 3318
2017-01-18 08:11:41,488 WARN received SIGTERM indicating exit request
2017-01-18 08:11:45,402 INFO RPC interface 'supervisor' initialized
2017-01-18 08:11:45,410 INFO daemonizing the supervisord process
2017-01-18 08:11:45,417 INFO supervisord started with pid 3605
2017-01-18 08:11:46,437 INFO spawned: 'httpok1' with pid 3606
2017-01-18 08:11:46,461 INFO spawned: 'MemoryMonitor' with pid 3607
2017-01-18 08:11:46,505 INFO spawned: 'flask' with pid 3608
2017-01-18 08:11:46,537 INFO exited: flask (exit status 127; not expected)
2017-01-18 08:11:46,583 INFO exited: MemoryMonitor (exit status 2; not expected)
2017-01-18 08:11:47,900 INFO spawned: 'MemoryMonitor' with pid 3609
2017-01-18 08:11:47,912 INFO spawned: 'flask' with pid 3610
2017-01-18 08:11:47,961 INFO exited: flask (exit status 127; not expected)
2017-01-18 08:11:47,978 INFO exited: MemoryMonitor (exit status 2; not expected)
2017-01-18 08:11:49,987 INFO spawned: 'MemoryMonitor' with pid 3611
2017-01-18 08:11:49,999 INFO spawned: 'flask' with pid 3612
2017-01-18 08:11:50,041 INFO exited: flask (exit status 127; not expected)
2017-01-18 08:11:50,067 INFO exited: MemoryMonitor (exit status 2; not expected)
2017-01-18 08:11:53,219 INFO spawned: 'MemoryMonitor' with pid 3614
2017-01-18 08:11:53,231 INFO spawned: 'flask' with pid 3615
2017-01-18 08:11:53,272 INFO exited: flask (exit status 127; not expected)
2017-01-18 08:11:53,273 INFO gave up: flask entered FATAL state, too many start retries too quickly
2017-01-18 08:11:53,296 INFO exited: MemoryMonitor (exit status 2; not expected)
2017-01-18 08:11:54,297 INFO gave up: MemoryMonitor entered FATAL state, too many start retries too quickly
2017-01-18 08:12:20,964 INFO spawned: 'MemoryMonitor' with pid 3618
2017-01-18 08:12:20,977 INFO spawned: 'flask' with pid 3619
2017-01-18 08:12:21,019 INFO exited: flask (exit status 127; not expected)
2017-01-18 08:12:21,044 INFO exited: MemoryMonitor (exit status 2; not expected)
2017-01-18 08:12:22,052 INFO spawned: 'MemoryMonitor' with pid 3620
2017-01-18 08:12:22,064 INFO spawned: 'flask' with pid 3621
2017-01-18 08:12:22,107 INFO exited: flask (exit status 127; not expected)
2017-01-18 08:12:22,131 INFO exited: MemoryMonitor (exit status 2; not expected)
2017-01-18 08:12:24,156 INFO spawned: 'MemoryMonitor' with pid 3622
2017-01-18 08:12:24,168 INFO spawned: 'flask' with pid 3623
2017-01-18 08:12:24,209 INFO exited: flask (exit status 127; not expected)
2017-01-18 08:12:24,236 INFO exited: MemoryMonitor (exit status 2; not expected)
2017-01-18 08:12:27,248 INFO spawned: 'MemoryMonitor' with pid 3625
2017-01-18 08:12:27,260 INFO spawned: 'flask' with pid 3626
2017-01-18 08:12:27,321 INFO exited: flask (exit status 127; not expected)
2017-01-18 08:12:27,341 INFO gave up: flask entered FATAL state, too many start retries too quickly
2017-01-18 08:12:27,341 INFO exited: MemoryMonitor (exit status 2; not expected)
2017-01-18 08:12:27,341 INFO gave up: MemoryMonitor entered FATAL state, too many start retries too quickly
2017-01-18 08:13:46,556 WARN received SIGTERM indicating exit request
2017-01-18 08:13:46,556 INFO waiting for httpok1 to die
2017-01-18 08:13:48,565 INFO stopped: httpok1 (terminated by SIGTERM)
2017-01-18 08:13:51,537 INFO RPC interface 'supervisor' initialized
2017-01-18 08:13:51,550 INFO daemonizing the supervisord process
2017-01-18 08:13:51,557 INFO supervisord started with pid 3664
2017-01-18 08:13:52,569 INFO spawned: 'flask' with pid 3665
2017-01-18 08:13:52,589 INFO exited: flask (exit status 127; not expected)
2017-01-18 08:13:53,599 INFO spawned: 'flask' with pid 3666
2017-01-18 08:13:53,618 INFO exited: flask (exit status 127; not expected)
2017-01-18 08:13:56,443 INFO spawned: 'flask' with pid 3668
2017-01-18 08:13:56,462 INFO exited: flask (exit status 127; not expected)
2017-01-18 08:13:59,473 INFO spawned: 'flask' with pid 3669
2017-01-18 08:13:59,493 INFO exited: flask (exit status 127; not expected)
2017-01-18 08:13:59,494 INFO gave up: flask entered FATAL state, too many start retries too quickly
2017-01-18 08:21:02,301 WARN received SIGTERM indicating exit request
2017-01-18 08:21:05,897 INFO RPC interface 'supervisor' initialized
2017-01-18 08:21:05,910 INFO daemonizing the supervisord process
2017-01-18 08:21:05,916 INFO supervisord started with pid 3735
2017-01-18 08:21:06,930 INFO spawned: 'flask' with pid 3736
2017-01-18 08:21:06,950 INFO exited: flask (exit status 127; not expected)
2017-01-18 08:21:07,959 INFO spawned: 'flask' with pid 3737
2017-01-18 08:21:07,979 INFO exited: flask (exit status 127; not expected)
2017-01-18 08:21:09,990 INFO spawned: 'flask' with pid 3738
2017-01-18 08:21:10,011 INFO exited: flask (exit status 127; not expected)
2017-01-18 08:21:13,023 INFO spawned: 'flask' with pid 3740
2017-01-18 08:21:13,047 INFO exited: flask (exit status 127; not expected)
2017-01-18 08:21:13,047 INFO gave up: flask entered FATAL state, too many start retries too quickly
2017-01-18 08:24:21,942 WARN received SIGTERM indicating exit request
2017-01-18 08:24:24,220 INFO RPC interface 'supervisor' initialized
2017-01-18 08:24:24,233 INFO daemonizing the supervisord process
2017-01-18 08:24:24,238 INFO supervisord started with pid 3798
2017-01-18 08:24:25,252 INFO spawned: 'flask' with pid 3799
2017-01-18 08:24:26,549 INFO success: flask entered RUNNING state, process has stayed up for > than 1 seconds (startsecs)
2017-01-18 08:24:58,043 INFO waiting for flask to stop
2017-01-18 08:24:58,048 INFO stopped: flask (terminated by SIGTERM)
2017-01-18 08:24:59,062 INFO spawned: 'flask' with pid 3812
2017-01-18 08:25:00,363 INFO success: flask entered RUNNING state, process has stayed up for > than 1 seconds (startsecs)
